Determining if the pthread_create exist failed with the following output:
Change Dir: /home/owen/Documents/HMI_SL4_can_publisher/build/CMakeFiles/CMakeTmp

Run Build Command:"/usr/bin/make" "cmTC_d6880/fast"
/usr/bin/make -f CMakeFiles/cmTC_d6880.dir/build.make CMakeFiles/cmTC_d6880.dir/build
make[1]: Entering directory '/home/owen/Documents/HMI_SL4_can_publisher/build/CMakeFiles/CMakeTmp'
Building C object CMakeFiles/cmTC_d6880.dir/CheckSymbolExists.c.o
/usr/bin/cc    -fPIE   -o CMakeFiles/cmTC_d6880.dir/CheckSymbolExists.c.o   -c /home/owen/Documents/HMI_SL4_can_publisher/build/CMakeFiles/CMakeTmp/CheckSymbolExists.c
Linking C executable cmTC_d6880
/usr/bin/cmake -E cmake_link_script CMakeFiles/cmTC_d6880.dir/link.txt --verbose=1
/usr/bin/cc      -fuse-ld=gold -Wl,--threads -Wl,--disable-new-dtags -Wl,--compress-debug-sections=zlib -Wl,-O2  CMakeFiles/cmTC_d6880.dir/CheckSymbolExists.c.o  -o cmTC_d6880 
CMakeFiles/cmTC_d6880.dir/CheckSymbolExists.c.o:CheckSymbolExists.c:function main: error: undefined reference to 'pthread_create'
collect2: error: ld returned 1 exit status
CMakeFiles/cmTC_d6880.dir/build.make:97: recipe for target 'cmTC_d6880' failed
make[1]: *** [cmTC_d6880] Error 1
make[1]: Leaving directory '/home/owen/Documents/HMI_SL4_can_publisher/build/CMakeFiles/CMakeTmp'
Makefile:126: recipe for target 'cmTC_d6880/fast' failed
make: *** [cmTC_d6880/fast] Error 2

File /home/owen/Documents/HMI_SL4_can_publisher/build/CMakeFiles/CMakeTmp/CheckSymbolExists.c:
/* */
#include <pthread.h>

int main(int argc, char** argv)
{
  (void)argv;
#ifndef pthread_create
  return ((int*)(&pthread_create))[argc];
#else
  (void)argc;
  return 0;
#endif
}

Determining if the function pthread_create exists in the pthreads failed with the following output:
Change Dir: /home/owen/Documents/HMI_SL4_can_publisher/build/CMakeFiles/CMakeTmp

Run Build Command:"/usr/bin/make" "cmTC_836bd/fast"
/usr/bin/make -f CMakeFiles/cmTC_836bd.dir/build.make CMakeFiles/cmTC_836bd.dir/build
make[1]: Entering directory '/home/owen/Documents/HMI_SL4_can_publisher/build/CMakeFiles/CMakeTmp'
Building C object CMakeFiles/cmTC_836bd.dir/CheckFunctionExists.c.o
/usr/bin/cc    -DCHECK_FUNCTION_EXISTS=pthread_create -fPIE   -o CMakeFiles/cmTC_836bd.dir/CheckFunctionExists.c.o   -c /usr/share/cmake-3.5/Modules/CheckFunctionExists.c
Linking C executable cmTC_836bd
/usr/bin/cmake -E cmake_link_script CMakeFiles/cmTC_836bd.dir/link.txt --verbose=1
/usr/bin/cc   -DCHECK_FUNCTION_EXISTS=pthread_create   -fuse-ld=gold -Wl,--threads -Wl,--disable-new-dtags -Wl,--compress-debug-sections=zlib -Wl,-O2  CMakeFiles/cmTC_836bd.dir/CheckFunctionExists.c.o  -o cmTC_836bd -lpthreads 
/usr/bin/ld.gold: error: cannot find -lpthreads
CMakeFiles/cmTC_836bd.dir/CheckFunctionExists.c.o:CheckFunctionExists.c:function main: error: undefined reference to 'pthread_create'
collect2: error: ld returned 1 exit status
CMakeFiles/cmTC_836bd.dir/build.make:97: recipe for target 'cmTC_836bd' failed
make[1]: *** [cmTC_836bd] Error 1
make[1]: Leaving directory '/home/owen/Documents/HMI_SL4_can_publisher/build/CMakeFiles/CMakeTmp'
Makefile:126: recipe for target 'cmTC_836bd/fast' failed
make: *** [cmTC_836bd/fast] Error 2


